[0m11:28:50.173809 [debug] [MainThread]: Sending event: {'category': 'dbt', 'action': 'invocation', 'label': 'start', 'context': [<snowplow_tracker.self_describing_json.SelfDescribingJson object at 0x000001BBBC9DB3D0>, <snowplow_tracker.self_describing_json.SelfDescribingJson object at 0x000001BBBC993C90>, <snowplow_tracker.self_describing_json.SelfDescribingJson object at 0x000001BBBC9D3050>]}


============================== 11:28:50.185305 | fca73e74-9981-40bf-b3b2-f2d8c70994d0 ==============================
[0m11:28:50.185305 [info ] [MainThread]: Running with dbt=1.8.9
[0m11:28:50.186306 [debug] [MainThread]: running dbt with arguments {'printer_width': '80', 'indirect_selection': 'eager', 'write_json': 'True', 'log_cache_events': 'False', 'partial_parse': 'True', 'cache_selected_only': 'False', 'profiles_dir': 'C:\\Users\\sarge\\.dbt', 'debug': 'False', 'warn_error': 'None', 'log_path': 'logs', 'version_check': 'True', 'fail_fast': 'False', 'use_colors': 'True', 'use_experimental_parser': 'False', 'empty': 'None', 'quiet': 'False', 'no_print': 'None', 'warn_error_options': 'WarnErrorOptions(include=[], exclude=[])', 'introspect': 'True', 'log_format': 'default', 'static_parser': 'True', 'target_path': 'None', 'invocation_command': 'dbt init', 'send_anonymous_usage_stats': 'True'}
[0m11:28:50.297112 [warn ] [MainThread]: [ConfigFolderDirectory]: Unable to parse logging event dictionary. Failed to parse dir field: expected string or bytes-like object, got 'WindowsPath'.. Dictionary: {'dir': WindowsPath('C:/Users/sarge/.dbt')}
[0m11:28:50.298111 [info ] [MainThread]: Creating dbt configuration folder at 
[0m11:29:01.453273 [debug] [MainThread]: Starter project path: c:\Users\sarge\Documents\Projects\Churn-Analysis\.venv\Lib\site-packages\dbt\include\starter_project
[0m11:29:01.504341 [info ] [MainThread]: 
Your new dbt project "CustomerChurn" was created!

For more information on how to configure the profiles.yml file,
please consult the dbt documentation here:

  https://docs.getdbt.com/docs/configure-your-profile

One more thing:

Need help? Don't hesitate to reach out to us via GitHub issues or on Slack:

  https://community.getdbt.com/

Happy modeling!

[0m11:29:01.506341 [info ] [MainThread]: Setting up your profile.
[0m11:29:54.775065 [info ] [MainThread]: Profile CustomerChurn written to C:\Users\sarge\.dbt\profiles.yml using target's profile_template.yml and your supplied values. Run 'dbt debug' to validate the connection.
[0m11:29:54.776066 [debug] [MainThread]: Command `dbt init` succeeded at 11:29:54.776066 after 64.66 seconds
[0m11:29:54.776066 [debug] [MainThread]: Sending event: {'category': 'dbt', 'action': 'invocation', 'label': 'end', 'context': [<snowplow_tracker.self_describing_json.SelfDescribingJson object at 0x000001BBB74E7C90>, <snowplow_tracker.self_describing_json.SelfDescribingJson object at 0x000001BBB746EE90>, <snowplow_tracker.self_describing_json.SelfDescribingJson object at 0x000001BBB746FA10>]}
[0m11:29:54.777569 [debug] [MainThread]: Flushing usage events
[0m11:34:45.372914 [debug] [MainThread]: Sending event: {'category': 'dbt', 'action': 'invocation', 'label': 'start', 'context': [<snowplow_tracker.self_describing_json.SelfDescribingJson object at 0x00000265065D38D0>, <snowplow_tracker.self_describing_json.SelfDescribingJson object at 0x00000265065DB110>, <snowplow_tracker.self_describing_json.SelfDescribingJson object at 0x00000265065DB250>]}


============================== 11:34:45.377916 | 916a4d09-8ae9-4331-891c-468054efbe00 ==============================
[0m11:34:45.377916 [info ] [MainThread]: Running with dbt=1.8.9
[0m11:34:45.377916 [debug] [MainThread]: running dbt with arguments {'printer_width': '80', 'indirect_selection': 'eager', 'log_cache_events': 'False', 'write_json': 'True', 'partial_parse': 'True', 'cache_selected_only': 'False', 'profiles_dir': 'C:\\Users\\sarge\\.dbt', 'debug': 'False', 'version_check': 'True', 'log_path': 'logs', 'fail_fast': 'False', 'warn_error': 'None', 'use_colors': 'True', 'use_experimental_parser': 'False', 'empty': 'None', 'quiet': 'False', 'no_print': 'None', 'log_format': 'default', 'static_parser': 'True', 'invocation_command': 'dbt debug', 'warn_error_options': 'WarnErrorOptions(include=[], exclude=[])', 'target_path': 'None', 'introspect': 'True', 'send_anonymous_usage_stats': 'True'}
[0m11:34:45.405047 [info ] [MainThread]: dbt version: 1.8.9
[0m11:34:45.406047 [info ] [MainThread]: python version: 3.11.9
[0m11:34:45.406047 [info ] [MainThread]: python path: c:\Users\sarge\Documents\Projects\Churn-Analysis\.venv\Scripts\python.exe
[0m11:34:45.407047 [info ] [MainThread]: os info: Windows-10-10.0.22621-SP0
[0m11:34:45.649456 [info ] [MainThread]: Using profiles dir at C:\Users\sarge\.dbt
[0m11:34:45.649456 [info ] [MainThread]: Using profiles.yml file at C:\Users\sarge\.dbt\profiles.yml
[0m11:34:45.650455 [info ] [MainThread]: Using dbt_project.yml file at C:\Users\sarge\Documents\Projects\Churn-Analysis\DBT\dbt_project.yml
[0m11:34:45.651455 [info ] [MainThread]: Configuration:
[0m11:34:45.651455 [info ] [MainThread]:   profiles.yml file [[31mERROR invalid[0m]
[0m11:34:45.652456 [info ] [MainThread]:   dbt_project.yml file [[31mERROR not found[0m]
[0m11:34:45.652456 [info ] [MainThread]: Required dependencies:
[0m11:34:45.653457 [debug] [MainThread]: Executing "git --help"
[0m11:34:45.683520 [debug] [MainThread]: STDOUT: "b"usage: git [-v | --version] [-h | --help] [-C <path>] [-c <name>=<value>]\n           [--exec-path[=<path>]] [--html-path] [--man-path] [--info-path]\n           [-p | --paginate | -P | --no-pager] [--no-replace-objects] [--no-lazy-fetch]\n           [--no-optional-locks] [--no-advice] [--bare] [--git-dir=<path>]\n           [--work-tree=<path>] [--namespace=<name>] [--config-env=<name>=<envvar>]\n           <command> [<args>]\n\nThese are common Git commands used in various situations:\n\nstart a working area (see also: git help tutorial)\n   clone      Clone a repository into a new directory\n   init       Create an empty Git repository or reinitialize an existing one\n\nwork on the current change (see also: git help everyday)\n   add        Add file contents to the index\n   mv         Move or rename a file, a directory, or a symlink\n   restore    Restore working tree files\n   rm         Remove files from the working tree and from the index\n\nexamine the history and state (see also: git help revisions)\n   bisect     Use binary search to find the commit that introduced a bug\n   diff       Show changes between commits, commit and working tree, etc\n   grep       Print lines matching a pattern\n   log        Show commit logs\n   show       Show various types of objects\n   status     Show the working tree status\n\ngrow, mark and tweak your common history\n   backfill   Download missing objects in a partial clone\n   branch     List, create, or delete branches\n   commit     Record changes to the repository\n   merge      Join two or more development histories together\n   rebase     Reapply commits on top of another base tip\n   reset      Reset current HEAD to the specified state\n   switch     Switch branches\n   tag        Create, list, delete or verify a tag object signed with GPG\n\ncollaborate (see also: git help workflows)\n   fetch      Download objects and refs from another repository\n   pull       Fetch from and integrate with another repository or a local branch\n   push       Update remote refs along with associated objects\n\n'git help -a' and 'git help -g' list available subcommands and some\nconcept guides. See 'git help <command>' or 'git help <concept>'\nto read about a specific subcommand or concept.\nSee 'git help git' for an overview of the system.\n""
[0m11:34:45.683520 [debug] [MainThread]: STDERR: "b''"
[0m11:34:45.684521 [info ] [MainThread]:  - git [[32mOK found[0m]

[0m11:34:45.684521 [info ] [MainThread]: Connection test skipped since no profile was found
[0m11:34:45.685522 [info ] [MainThread]: [31m2 checks failed:[0m
[0m11:34:45.685522 [info ] [MainThread]: Could not load dbt_project.yml
Profile loading failed for the following reason:
Runtime Error
  Credentials in profile "CustomerChurn", target "dev" invalid: 'schema' is a required property


[0m11:34:45.686522 [info ] [MainThread]: Project loading failed for the following reason:
 project path <C:\Users\sarge\Documents\Projects\Churn-Analysis\DBT\dbt_project.yml> not found

[0m11:34:45.688025 [debug] [MainThread]: Command `dbt debug` failed at 11:34:45.688025 after 0.37 seconds
[0m11:34:45.688025 [debug] [MainThread]: Sending event: {'category': 'dbt', 'action': 'invocation', 'label': 'end', 'context': [<snowplow_tracker.self_describing_json.SelfDescribingJson object at 0x000002657FC6EE90>, <snowplow_tracker.self_describing_json.SelfDescribingJson object at 0x000002657FC6FA10>, <snowplow_tracker.self_describing_json.SelfDescribingJson object at 0x0000026506591D90>]}
[0m11:34:45.689517 [debug] [MainThread]: Flushing usage events
